<?xml version="1.0" encoding="UTF-8" ?>
<testsuite failures="0" time="0.039" errors="0" skipped="0" tests="71" name="test.glib.models.TestLSquare">
  <properties>
    <property name="java.runtime.name" value="Java(TM) SE Runtime Environment"/>
    <property name="sun.boot.library.path" value="/opt/jdk1.6.0/jre/lib/amd64"/>
    <property name="java.vm.version" value="20.2-b03"/>
    <property name="awt.useSystemAAFontSettings" value="on"/>
    <property name="java.vm.vendor" value="Sun Microsystems Inc."/>
    <property name="java.vendor.url" value="http://java.sun.com/"/>
    <property name="path.separator" value=":"/>
    <property name="java.vm.name" value="Java HotSpot(TM) 64-Bit Server VM"/>
    <property name="file.encoding.pkg" value="sun.io"/>
    <property name="user.country" value="FR"/>
    <property name="sun.java.launcher" value="SUN_STANDARD"/>
    <property name="sun.os.patch.level" value="unknown"/>
    <property name="java.vm.specification.name" value="Java Virtual Machine Specification"/>
    <property name="user.dir" value="/home/ablouin/latexdraw/LaTeXDraw"/>
    <property name="java.runtime.version" value="1.6.0_27-ea-b03"/>
    <property name="java.awt.graphicsenv" value="sun.awt.X11GraphicsEnvironment"/>
    <property name="basedir" value="/home/ablouin/latexdraw/LaTeXDraw"/>
    <property name="java.endorsed.dirs" value="/opt/jdk1.6.0/jre/lib/endorsed"/>
    <property name="os.arch" value="amd64"/>
    <property name="surefire.real.class.path" value="/tmp/surefirebooter420774259632953736.jar"/>
    <property name="java.io.tmpdir" value="/tmp"/>
    <property name="line.separator" value="
"/>
    <property name="java.vm.specification.vendor" value="Sun Microsystems Inc."/>
    <property name="os.name" value="Linux"/>
    <property name="sun.jnu.encoding" value="UTF-8"/>
    <property name="java.library.path" value="/opt/jdk1.6.0/jre/lib/amd64/server:/opt/jdk1.6.0/jre/lib/amd64:/opt/jdk1.6.0/jre/../lib/amd64:/usr/java/packages/lib/amd64:/usr/lib64:/lib64:/lib:/usr/lib"/>
    <property name="surefire.test.class.path" value="/home/ablouin/latexdraw/LaTeXDraw/target/test-classes:/home/ablouin/latexdraw/LaTeXDraw/target/generated-classes/cobertura:/home/ablouin/.m2/repository/junit/junit/4.8.1/junit-4.8.1.jar:/home/ablouin/.m2/repository/net/sourceforge/cobertura/cobertura/1.9.4.1/cobertura-1.9.4.1.jar:/home/ablouin/.m2/repository/org/apache/ant/ant/1.7.0/ant-1.7.0.jar:/home/ablouin/.m2/repository/org/apache/ant/ant-launcher/1.7.0/ant-launcher-1.7.0.jar:"/>
    <property name="java.specification.name" value="Java Platform API Specification"/>
    <property name="java.class.version" value="50.0"/>
    <property name="sun.management.compiler" value="HotSpot 64-Bit Tiered Compilers"/>
    <property name="os.version" value="2.6.38-11-generic"/>
    <property name="user.home" value="/home/ablouin"/>
    <property name="user.timezone" value="Europe/Paris"/>
    <property name="java.awt.printerjob" value="sun.print.PSPrinterJob"/>
    <property name="java.specification.version" value="1.6"/>
    <property name="file.encoding" value="UTF-8"/>
    <property name="user.name" value="ablouin"/>
    <property name="java.class.path" value="/home/ablouin/latexdraw/LaTeXDraw/target/test-classes:/home/ablouin/latexdraw/LaTeXDraw/target/generated-classes/cobertura:/home/ablouin/.m2/repository/junit/junit/4.8.1/junit-4.8.1.jar:/home/ablouin/.m2/repository/net/sourceforge/cobertura/cobertura/1.9.4.1/cobertura-1.9.4.1.jar:/home/ablouin/.m2/repository/org/apache/ant/ant/1.7.0/ant-1.7.0.jar:/home/ablouin/.m2/repository/org/apache/ant/ant-launcher/1.7.0/ant-launcher-1.7.0.jar:"/>
    <property name="java.vm.specification.version" value="1.0"/>
    <property name="sun.arch.data.model" value="64"/>
    <property name="java.home" value="/opt/jdk1.6.0/jre"/>
    <property name="sun.java.command" value="/tmp/surefirebooter420774259632953736.jar /tmp/surefire1742914359697086055tmp /tmp/surefire6853630051778403284tmp"/>
    <property name="java.specification.vendor" value="Sun Microsystems Inc."/>
    <property name="user.language" value="fr"/>
    <property name="java.vm.info" value="mixed mode"/>
    <property name="java.version" value="1.6.0_27-ea"/>
    <property name="java.ext.dirs" value="/opt/jdk1.6.0/jre/lib/ext:/usr/java/packages/lib/ext"/>
    <property name="sun.boot.class.path" value="/opt/jdk1.6.0/jre/lib/resources.jar:/opt/jdk1.6.0/jre/lib/rt.jar:/opt/jdk1.6.0/jre/lib/sunrsasign.jar:/opt/jdk1.6.0/jre/lib/jsse.jar:/opt/jdk1.6.0/jre/lib/jce.jar:/opt/jdk1.6.0/jre/lib/charsets.jar:/opt/jdk1.6.0/jre/lib/modules/jdk.boot.jar:/opt/jdk1.6.0/jre/classes"/>
    <property name="java.vendor" value="Sun Microsystems Inc."/>
    <property name="localRepository" value="/home/ablouin/.m2/repository"/>
    <property name="file.separator" value="/"/>
    <property name="java.vendor.url.bug" value="http://java.sun.com/cgi-bin/bugreport.cgi"/>
    <property name="sun.cpu.endian" value="little"/>
    <property name="sun.io.unicode.encoding" value="UnicodeLittle"/>
    <property name="sun.desktop" value="gnome"/>
    <property name="sun.cpu.isalist" value=""/>
  </properties>
  <testcase time="0.003" classname="test.glib.models.TestLSquare" name="testConstructors"/>
  <testcase time="0.001" classname="test.glib.models.TestLSquare" name="testScale"/>
  <testcase time="0" classname="test.glib.models.TestLSquare" name="testScaleNE"/>
  <testcase time="0.001" classname="test.glib.models.TestLSquare" name="testScaleSE"/>
  <testcase time="0" classname="test.glib.models.TestLSquare" name="testScaleSW"/>
  <testcase time="0.001" classname="test.glib.models.TestLSquare" name="testScaleNW"/>
  <testcase time="0" classname="test.glib.models.TestLSquare" name="testSetTop"/>
  <testcase time="0" classname="test.glib.models.TestLSquare" name="testSetBottom"/>
  <testcase time="0.001" classname="test.glib.models.TestLSquare" name="testSetRight"/>
  <testcase time="0" classname="test.glib.models.TestLSquare" name="testSetLeft"/>
  <testcase time="0" classname="test.glib.models.TestLSquare" name="testGetBottomRightPoint"/>
  <testcase time="0" classname="test.glib.models.TestLSquare" name="testGetTopRightPoint"/>
  <testcase time="0" classname="test.glib.models.TestLSquare" name="testSetWidthHeight"/>
  <testcase time="0.001" classname="test.glib.models.TestLSquare" name="testCopy"/>
  <testcase time="0" classname="test.glib.models.TestLSquare" name="testGetSetLineArc"/>
  <testcase time="0" classname="test.glib.models.TestLSquare" name="testIsSetRound"/>
  <testcase time="0.001" classname="test.glib.models.TestLSquare" name="testTranslate"/>
  <testcase time="0.001" classname="test.glib.models.TestLSquare" name="testHas4Points"/>
  <testcase time="0" classname="test.glib.models.TestLSquare" name="testGetSetWidth"/>
  <testcase time="0" classname="test.glib.models.TestLSquare" name="testGetSetHeight"/>
  <testcase time="0" classname="test.glib.models.TestLSquare" name="testGetNbPoints"/>
  <testcase time="0.001" classname="test.glib.models.TestLSquare" name="testGetPtAt"/>
  <testcase time="0" classname="test.glib.models.TestLSquare" name="testGetBottomLeftPoint"/>
  <testcase time="0" classname="test.glib.models.TestLSquare" name="testGetTopLeftPoint"/>
  <testcase time="0" classname="test.glib.models.TestLSquare" name="testMirrorHorizontal"/>
  <testcase time="0" classname="test.glib.models.TestLSquare" name="testMirrorVertical"/>
  <testcase time="0.001" classname="test.glib.models.TestLSquare" name="testGetSetX"/>
  <testcase time="0.001" classname="test.glib.models.TestLSquare" name="testGetSetY"/>
  <testcase time="0.001" classname="test.glib.models.TestLSquare" name="testGetSetPosition"/>
  <testcase time="0" classname="test.glib.models.TestLSquare" name="testGetPoints"/>
  <testcase time="0.001" classname="test.glib.models.TestLSquare" name="testIsParametersEquals"/>
  <testcase time="0.002" classname="test.glib.models.TestLSquare" name="testDuplicate"/>
  <testcase time="0" classname="test.glib.models.TestLSquare" name="testGetShadowGap"/>
  <testcase time="0" classname="test.glib.models.TestLSquare" name="testGetGravityCentre"/>
  <testcase time="0" classname="test.glib.models.TestLSquare" name="testGetFullBottomRightPoint"/>
  <testcase time="0" classname="test.glib.models.TestLSquare" name="testGetFullTopLeftPoint"/>
  <testcase time="0.001" classname="test.glib.models.TestLSquare" name="testSetHasHatchings"/>
  <testcase time="0" classname="test.glib.models.TestLSquare" name="testSetHasGradient"/>
  <testcase time="0" classname="test.glib.models.TestLSquare" name="testGetSetGradColEnd"/>
  <testcase time="0.001" classname="test.glib.models.TestLSquare" name="testGetSetGradColStart"/>
  <testcase time="0" classname="test.glib.models.TestLSquare" name="testGetSetGradAngle"/>
  <testcase time="0" classname="test.glib.models.TestLSquare" name="testGetSetGradMidPt"/>
  <testcase time="0.001" classname="test.glib.models.TestLSquare" name="testGetSetHatchingsSep"/>
  <testcase time="0" classname="test.glib.models.TestLSquare" name="testGetSetHatchingsCol"/>
  <testcase time="0" classname="test.glib.models.TestLSquare" name="testGetSetHatchingsAngle"/>
  <testcase time="0" classname="test.glib.models.TestLSquare" name="testGetSetHatchingsWidth"/>
  <testcase time="0" classname="test.glib.models.TestLSquare" name="testGetSetRotationAngle"/>
  <testcase time="0" classname="test.glib.models.TestLSquare" name="testIsSetShowPts"/>
  <testcase time="0" classname="test.glib.models.TestLSquare" name="testhasSetDbleBord"/>
  <testcase time="0" classname="test.glib.models.TestLSquare" name="testGetSetDbleBordCol"/>
  <testcase time="0" classname="test.glib.models.TestLSquare" name="testGetSetDbleBordSep"/>
  <testcase time="0" classname="test.glib.models.TestLSquare" name="testHasSetShadow"/>
  <testcase time="0" classname="test.glib.models.TestLSquare" name="testGetSetShadowCol"/>
  <testcase time="0" classname="test.glib.models.TestLSquare" name="testGetSetShadowAngle"/>
  <testcase time="0.001" classname="test.glib.models.TestLSquare" name="testGetArrows"/>
  <testcase time="0" classname="test.glib.models.TestLSquare" name="testGetArrowAt"/>
  <testcase time="0" classname="test.glib.models.TestLSquare" name="testIsSetFilled"/>
  <testcase time="0" classname="test.glib.models.TestLSquare" name="testSetNewId"/>
  <testcase time="0" classname="test.glib.models.TestLSquare" name="testAddToRotationAngle"/>
  <testcase time="0" classname="test.glib.models.TestLSquare" name="testGetSetShadowSize"/>
  <testcase time="0" classname="test.glib.models.TestLSquare" name="testGetSetBorderPosition"/>
  <testcase time="0" classname="test.glib.models.TestLSquare" name="testGetSetOpacity"/>
  <testcase time="0" classname="test.glib.models.TestLSquare" name="testGetBorderGap"/>
  <testcase time="0.001" classname="test.glib.models.TestLSquare" name="testSetGetThickness"/>
  <testcase time="0" classname="test.glib.models.TestLSquare" name="testSetGetLineColour"/>
  <testcase time="0" classname="test.glib.models.TestLSquare" name="testSetGetLineStyle"/>
  <testcase time="0.001" classname="test.glib.models.TestLSquare" name="testSetGetDashSepWhite"/>
  <testcase time="0" classname="test.glib.models.TestLSquare" name="testSetGetDashSepBlack"/>
  <testcase time="0" classname="test.glib.models.TestLSquare" name="testSetGetDotSep"/>
  <testcase time="0.001" classname="test.glib.models.TestLSquare" name="testSetGetFillingCol"/>
  <testcase time="0" classname="test.glib.models.TestLSquare" name="testSetGetFillingStyle"/>
</testsuite>