<?xml version="1.0" encoding="UTF-8" standalone="yes"?>
<testsuites time="0.225" tests="1" failures="0" errors="1">
    <testsuite tests="1" failures="0" errors="1" time="0.225" timestamp="2018-04-23T15:15:54">
        <properties>
            <property name="awt.toolkit" value="sun.awt.X11.XToolkit"/>
            <property name="classworlds.conf" value="/usr/share/maven/bin/m2.conf"/>
            <property name="env.CLUTTER_IM_MODULE" value="xim"/>
            <property name="env.COMPIZ_CONFIG_PROFILE" value="ubuntu"/>
            <property name="env.DBUS_SESSION_BUS_ADDRESS" value="unix:abstract=/tmp/dbus-exfHjwmvnE"/>
            <property name="env.DEFAULTS_PATH" value="/usr/share/gconf/ubuntu.default.path"/>
            <property name="env.DESKTOP_SESSION" value="ubuntu"/>
            <property name="env.DISPLAY" value=":0"/>
            <property name="env.GDMSESSION" value="ubuntu"/>
            <property name="env.GDM_LANG" value="en_US"/>
            <property name="env.GNOME_DESKTOP_SESSION_ID" value="this-is-deprecated"/>
            <property name="env.GNOME_KEYRING_CONTROL" value=""/>
            <property name="env.GNOME_KEYRING_PID" value=""/>
            <property name="env.GPG_AGENT_INFO" value="/home/leigh/.gnupg/S.gpg-agent:0:1"/>
            <property name="env.GTK2_MODULES" value="overlay-scrollbar"/>
            <property name="env.GTK_IM_MODULE" value="ibus"/>
            <property name="env.GTK_MODULES" value="gail:atk-bridge:unity-gtk-module"/>
            <property name="env.HOME" value="/home/leigh"/>
            <property name="env.IM_CONFIG_PHASE" value="1"/>
            <property name="env.INSTANCE" value="Unity"/>
            <property name="env.JAVA_HOME" value="/usr/lib/jvm/java-8-openjdk-amd64"/>
            <property name="env.JOB" value="gnome-session"/>
            <property name="env.LANG" value="en_US.UTF-8"/>
            <property name="env.LANGUAGE" value="en_US"/>
            <property name="env.LC_ADDRESS" value="sv_SE.UTF-8"/>
            <property name="env.LC_CTYPE" value="en_US.UTF-8"/>
            <property name="env.LC_IDENTIFICATION" value="sv_SE.UTF-8"/>
            <property name="env.LC_MEASUREMENT" value="sv_SE.UTF-8"/>
            <property name="env.LC_MONETARY" value="sv_SE.UTF-8"/>
            <property name="env.LC_NAME" value="sv_SE.UTF-8"/>
            <property name="env.LC_NUMERIC" value="sv_SE.UTF-8"/>
            <property name="env.LC_PAPER" value="sv_SE.UTF-8"/>
            <property name="env.LC_TELEPHONE" value="sv_SE.UTF-8"/>
            <property name="env.LC_TIME" value="sv_SE.UTF-8"/>
            <property name="env.LESS" value="-R"/>
            <property name="env.LOGNAME" value="leigh"/>
            <property name="env.LSCOLORS" value="Gxfxcxdxbxegedabagacad"/>
            <property name="env.LS_COLORS" value="rs=0:di=01;34:ln=01;36:mh=00:pi=40;33:so=01;35:do=01;35:bd=40;33;01:cd=40;33;01:or=40;31;01:mi=00:su=37;41:sg=30;43:ca=30;41:tw=30;42:ow=34;42:st=37;44:ex=01;32:*.tar=01;31:*.tgz=01;31:*.arc=01;31:*.arj=01;31:*.taz=01;31:*.lha=01;31:*.lz4=01;31:*.lzh=01;31:*.lzma=01;31:*.tlz=01;31:*.txz=01;31:*.tzo=01;31:*.t7z=01;31:*.zip=01;31:*.z=01;31:*.Z=01;31:*.dz=01;31:*.gz=01;31:*.lrz=01;31:*.lz=01;31:*.lzo=01;31:*.xz=01;31:*.bz2=01;31:*.bz=01;31:*.tbz=01;31:*.tbz2=01;31:*.tz=01;31:*.deb=01;31:*.rpm=01;31:*.jar=01;31:*.war=01;31:*.ear=01;31:*.sar=01;31:*.rar=01;31:*.alz=01;31:*.ace=01;31:*.zoo=01;31:*.cpio=01;31:*.7z=01;31:*.rz=01;31:*.cab=01;31:*.jpg=01;35:*.jpeg=01;35:*.gif=01;35:*.bmp=01;35:*.pbm=01;35:*.pgm=01;35:*.ppm=01;35:*.tga=01;35:*.xbm=01;35:*.xpm=01;35:*.tif=01;35:*.tiff=01;35:*.png=01;35:*.svg=01;35:*.svgz=01;35:*.mng=01;35:*.pcx=01;35:*.mov=01;35:*.mpg=01;35:*.mpeg=01;35:*.m2v=01;35:*.mkv=01;35:*.webm=01;35:*.ogm=01;35:*.mp4=01;35:*.m4v=01;35:*.mp4v=01;35:*.vob=01;35:*.qt=01;35:*.nuv=01;35:*.wmv=01;35:*.asf=01;35:*.rm=01;35:*.rmvb=01;35:*.flc=01;35:*.avi=01;35:*.fli=01;35:*.flv=01;35:*.gl=01;35:*.dl=01;35:*.xcf=01;35:*.xwd=01;35:*.yuv=01;35:*.cgm=01;35:*.emf=01;35:*.ogv=01;35:*.ogx=01;35:*.aac=00;36:*.au=00;36:*.flac=00;36:*.m4a=00;36:*.mid=00;36:*.midi=00;36:*.mka=00;36:*.mp3=00;36:*.mpc=00;36:*.ogg=00;36:*.ra=00;36:*.wav=00;36:*.oga=00;36:*.opus=00;36:*.spx=00;36:*.xspf=00;36:"/>
            <property name="env.MANDATORY_PATH" value="/usr/share/gconf/ubuntu.mandatory.path"/>
            <property name="env.MATHEMATICA_HOME" value="/usr/local/Wolfram/Mathematica/10.4"/>
            <property name="env.MAVEN_CMD_LINE_ARGS" value=" graphwalker:test"/>
            <property name="env.MAVEN_PROJECTBASEDIR" value="/home/leigh/Workspace/Graphwalker/latexdraw/latexdraw-core/net.sf.latexdraw"/>
            <property name="env.NVM_BIN" value="/home/leigh/.nvm/versions/node/v8.1.3/bin"/>
            <property name="env.NVM_CD_FLAGS" value="-q"/>
            <property name="env.NVM_DIR" value="/home/leigh/.nvm"/>
            <property name="env.OLDPWD" value="/home/leigh/Workspace/Graphwalker/latexdraw/latexdraw-core/net.sf.latexdraw"/>
            <property name="env.PAGER" value="less"/>
            <property name="env.PATH" value="/home/leigh/anaconda3/bin:/home/leigh/.nvm/versions/node/v8.1.3/bin:/home/leigh/bin:/usr/local/bin:/home/leigh/bin:/usr/local/sbin:/usr/local/bin:/usr/sbin:/usr/bin:/sbin:/bin:/usr/games:/usr/local/games:/snap/bin:/usr/local/android-studio/android-studio/bin"/>
            <property name="env.PWD" value="/home/leigh/Workspace/Graphwalker/latexdraw/latexdraw-core/net.sf.latexdraw"/>
            <property name="env.QT4_IM_MODULE" value="xim"/>
            <property name="env.QT_ACCESSIBILITY" value="1"/>
            <property name="env.QT_IM_MODULE" value="ibus"/>
            <property name="env.QT_LINUX_ACCESSIBILITY_ALWAYS_ON" value="1"/>
            <property name="env.QT_QPA_PLATFORMTHEME" value="appmenu-qt5"/>
            <property name="env.SESSIONTYPE" value="gnome-session"/>
            <property name="env.SHELL" value="/bin/zsh"/>
            <property name="env.SHLVL" value="1"/>
            <property name="env.SSH_AUTH_SOCK" value="/run/user/1000/keyring/ssh"/>
            <property name="env.TERM" value="xterm-256color"/>
            <property name="env.UPSTART_EVENTS" value="started starting"/>
            <property name="env.UPSTART_INSTANCE" value=""/>
            <property name="env.UPSTART_JOB" value="unity-settings-daemon"/>
            <property name="env.UPSTART_SESSION" value="unix:abstract=/com/ubuntu/upstart-session/1000/1758"/>
            <property name="env.USER" value="leigh"/>
            <property name="env.VTE_VERSION" value="4205"/>
            <property name="env.WINDOWID" value="56623114"/>
            <property name="env.XAUTHORITY" value="/home/leigh/.Xauthority"/>
            <property name="env.XDG_CONFIG_DIRS" value="/etc/xdg/xdg-ubuntu:/usr/share/upstart/xdg:/etc/xdg"/>
            <property name="env.XDG_CURRENT_DESKTOP" value="Unity"/>
            <property name="env.XDG_DATA_DIRS" value="/usr/share/ubuntu:/usr/share/gnome:/usr/local/share:/usr/share:/var/lib/snapd/desktop:/var/lib/snapd/desktop"/>
            <property name="env.XDG_GREETER_DATA_DIR" value="/var/lib/lightdm-data/leigh"/>
            <property name="env.XDG_RUNTIME_DIR" value="/run/user/1000"/>
            <property name="env.XDG_SEAT" value="seat0"/>
            <property name="env.XDG_SEAT_PATH" value="/org/freedesktop/DisplayManager/Seat0"/>
            <property name="env.XDG_SESSION_DESKTOP" value="ubuntu"/>
            <property name="env.XDG_SESSION_ID" value="c2"/>
            <property name="env.XDG_SESSION_PATH" value="/org/freedesktop/DisplayManager/Session0"/>
            <property name="env.XDG_SESSION_TYPE" value="x11"/>
            <property name="env.XDG_VTNR" value="7"/>
            <property name="env.XMODIFIERS" value="@im=ibus"/>
            <property name="env.ZSH" value="/home/leigh/.oh-my-zsh"/>
            <property name="env._" value="/usr/bin/mvn"/>
            <property name="file.encoding" value="UTF-8"/>
            <property name="file.encoding.pkg" value="sun.io"/>
            <property name="file.separator" value="/"/>
            <property name="java.awt.graphicsenv" value="sun.awt.X11GraphicsEnvironment"/>
            <property name="java.awt.printerjob" value="sun.print.PSPrinterJob"/>
            <property name="java.class.path" value="/usr/share/maven/boot/plexus-classworlds-2.x.jar"/>
            <property name="java.class.version" value="52.0"/>
            <property name="java.endorsed.dirs" value="/usr/lib/jvm/java-8-openjdk-amd64/jre/lib/endorsed"/>
            <property name="java.ext.dirs" value="/usr/lib/jvm/java-8-openjdk-amd64/jre/lib/ext:/usr/java/packages/lib/ext"/>
            <property name="java.home" value="/usr/lib/jvm/java-8-openjdk-amd64/jre"/>
            <property name="java.io.tmpdir" value="/tmp"/>
            <property name="java.library.path" value="/usr/java/packages/lib/amd64:/usr/lib/x86_64-linux-gnu/jni:/lib/x86_64-linux-gnu:/usr/lib/x86_64-linux-gnu:/usr/lib/jni:/lib:/usr/lib"/>
            <property name="java.runtime.name" value="OpenJDK Runtime Environment"/>
            <property name="java.runtime.version" value="1.8.0_162-8u162-b12-0ubuntu0.16.04.2-b12"/>
            <property name="java.specification.name" value="Java Platform API Specification"/>
            <property name="java.specification.vendor" value="Oracle Corporation"/>
            <property name="java.specification.version" value="1.8"/>
            <property name="java.vendor" value="Oracle Corporation"/>
            <property name="java.vendor.url" value="http://java.oracle.com/"/>
            <property name="java.vendor.url.bug" value="http://bugreport.sun.com/bugreport/"/>
            <property name="java.version" value="1.8.0_162"/>
            <property name="java.vm.info" value="mixed mode"/>
            <property name="java.vm.name" value="OpenJDK 64-Bit Server VM"/>
            <property name="java.vm.specification.name" value="Java Virtual Machine Specification"/>
            <property name="java.vm.specification.vendor" value="Oracle Corporation"/>
            <property name="java.vm.specification.version" value="1.8"/>
            <property name="java.vm.vendor" value="Oracle Corporation"/>
            <property name="java.vm.version" value="25.162-b12"/>
            <property name="line.separator" value="&#xA;"/>
            <property name="maven.build.version" value="Apache Maven 3.3.9"/>
            <property name="maven.home" value="/usr/share/maven"/>
            <property name="maven.multiModuleProjectDirectory" value="/home/leigh/Workspace/Graphwalker/latexdraw/latexdraw-core/net.sf.latexdraw"/>
            <property name="maven.version" value="3.3.9"/>
            <property name="os.arch" value="amd64"/>
            <property name="os.name" value="Linux"/>
            <property name="os.version" value="4.4.0-119-generic"/>
            <property name="path.separator" value=":"/>
            <property name="sun.arch.data.model" value="64"/>
            <property name="sun.boot.class.path" value="/usr/lib/jvm/java-8-openjdk-amd64/jre/lib/resources.jar:/usr/lib/jvm/java-8-openjdk-amd64/jre/lib/rt.jar:/usr/lib/jvm/java-8-openjdk-amd64/jre/lib/sunrsasign.jar:/usr/lib/jvm/java-8-openjdk-amd64/jre/lib/jsse.jar:/usr/lib/jvm/java-8-openjdk-amd64/jre/lib/jce.jar:/usr/lib/jvm/java-8-openjdk-amd64/jre/lib/charsets.jar:/usr/lib/jvm/java-8-openjdk-amd64/jre/lib/jfr.jar:/usr/lib/jvm/java-8-openjdk-amd64/jre/classes"/>
            <property name="sun.boot.library.path" value="/usr/lib/jvm/java-8-openjdk-amd64/jre/lib/amd64"/>
            <property name="sun.cpu.endian" value="little"/>
            <property name="sun.cpu.isalist" value=""/>
            <property name="sun.desktop" value="gnome"/>
            <property name="sun.io.unicode.encoding" value="UnicodeLittle"/>
            <property name="sun.java.command" value="org.codehaus.plexus.classworlds.launcher.Launcher graphwalker:test"/>
            <property name="sun.java.launcher" value="SUN_STANDARD"/>
            <property name="sun.jnu.encoding" value="UTF-8"/>
            <property name="sun.management.compiler" value="HotSpot 64-Bit Tiered Compilers"/>
            <property name="sun.os.patch.level" value="unknown"/>
            <property name="user.country" value="US"/>
            <property name="user.dir" value="/home/leigh/Workspace/Graphwalker/latexdraw/latexdraw-core/net.sf.latexdraw"/>
            <property name="user.home" value="/home/leigh"/>
            <property name="user.language" value="en"/>
            <property name="user.name" value="leigh"/>
            <property name="user.timezone" value=""/>
        </properties>
        <testcase name="AlfaModel" time="0.225" classname="net.sf.latexdraw.testautomation.AlfaModel">
            <error type="org.graphwalker.core.machine.MachineException" message="javax.script.ScriptException: ReferenceError: &quot;nbrOfShapes&quot; is not defined in &lt;eval&gt; at line number 1">
                org.graphwalker.core.machine.MachineException: javax.script.ScriptException: ReferenceError: "nbrOfShapes" is not defined in &lt;eval&gt; at line number 1
                	at org.graphwalker.core.machine.ExecutionContext.isAvailable(ExecutionContext.java:280)
                	at org.graphwalker.core.machine.ExecutionContext.filter(ExecutionContext.java:262)
                	at org.graphwalker.core.generator.RandomPath.getNextStep(RandomPath.java:66)
                	at org.graphwalker.core.machine.SimpleMachine.getNextStep(SimpleMachine.java:130)
                	at org.graphwalker.core.machine.SimpleMachine.takeNextStep(SimpleMachine.java:189)
                	at org.graphwalker.core.machine.SimpleMachine.walk(SimpleMachine.java:140)
                	at org.graphwalker.core.machine.SimpleMachine.getNextStep(SimpleMachine.java:102)
                	at org.graphwalker.java.test.TestExecutor.execute(TestExecutor.java:199)
                	at sun.reflect.NativeMethodAccessorImpl.invoke0(Native Method)
                	at sun.reflect.NativeMethodAccessorImpl.invoke(NativeMethodAccessorImpl.java:62)
                	at sun.reflect.DelegatingMethodAccessorImpl.invoke(DelegatingMethodAccessorImpl.java:43)
                	at java.lang.reflect.Method.invoke(Method.java:498)
                	at org.graphwalker.java.test.Reflections.invoke(Reflections.java:74)
                	at org.graphwalker.java.test.Reflector.execute(Reflector.java:125)
                	at org.graphwalker.maven.plugin.TestMojo.execute(TestMojo.java:153)
                	at org.apache.maven.plugin.DefaultBuildPluginManager.executeMojo(DefaultBuildPluginManager.java:134)
                	at org.apache.maven.lifecycle.internal.MojoExecutor.execute(MojoExecutor.java:207)
                	at org.apache.maven.lifecycle.internal.MojoExecutor.execute(MojoExecutor.java:153)
                	at org.apache.maven.lifecycle.internal.MojoExecutor.execute(MojoExecutor.java:145)
                	at org.apache.maven.lifecycle.internal.LifecycleModuleBuilder.buildProject(LifecycleModuleBuilder.java:116)
                	at org.apache.maven.lifecycle.internal.LifecycleModuleBuilder.buildProject(LifecycleModuleBuilder.java:80)
                	at org.apache.maven.lifecycle.internal.builder.singlethreaded.SingleThreadedBuilder.build(SingleThreadedBuilder.java:51)
                	at org.apache.maven.lifecycle.internal.LifecycleStarter.execute(LifecycleStarter.java:128)
                	at org.apache.maven.DefaultMaven.doExecute(DefaultMaven.java:307)
                	at org.apache.maven.DefaultMaven.doExecute(DefaultMaven.java:193)
                	at org.apache.maven.DefaultMaven.execute(DefaultMaven.java:106)
                	at org.apache.maven.cli.MavenCli.execute(MavenCli.java:863)
                	at org.apache.maven.cli.MavenCli.doMain(MavenCli.java:288)
                	at org.apache.maven.cli.MavenCli.main(MavenCli.java:199)
                	at sun.reflect.NativeMethodAccessorImpl.invoke0(Native Method)
                	at sun.reflect.NativeMethodAccessorImpl.invoke(NativeMethodAccessorImpl.java:62)
                	at sun.reflect.DelegatingMethodAccessorImpl.invoke(DelegatingMethodAccessorImpl.java:43)
                	at java.lang.reflect.Method.invoke(Method.java:498)
                	at org.codehaus.plexus.classworlds.launcher.Launcher.launchEnhanced(Launcher.java:289)
                	at org.codehaus.plexus.classworlds.launcher.Launcher.launch(Launcher.java:229)
                	at org.codehaus.plexus.classworlds.launcher.Launcher.mainWithExitCode(Launcher.java:415)
                	at org.codehaus.plexus.classworlds.launcher.Launcher.main(Launcher.java:356)
                Caused by: javax.script.ScriptException: ReferenceError: "nbrOfShapes" is not defined in &lt;eval&gt; at line number 1
                	at jdk.nashorn.api.scripting.NashornScriptEngine.throwAsScriptException(NashornScriptEngine.java:470)
                	at jdk.nashorn.api.scripting.NashornScriptEngine.evalImpl(NashornScriptEngine.java:454)
                	at jdk.nashorn.api.scripting.NashornScriptEngine.evalImpl(NashornScriptEngine.java:406)
                	at jdk.nashorn.api.scripting.NashornScriptEngine.evalImpl(NashornScriptEngine.java:402)
                	at jdk.nashorn.api.scripting.NashornScriptEngine.eval(NashornScriptEngine.java:155)
                	at javax.script.AbstractScriptEngine.eval(AbstractScriptEngine.java:264)
                	at org.graphwalker.core.machine.ExecutionContext.isAvailable(ExecutionContext.java:277)
                	... 36 more
                Caused by: &lt;eval&gt;:1 ReferenceError: "nbrOfShapes" is not defined
                	at jdk.nashorn.internal.runtime.ECMAErrors.error(ECMAErrors.java:57)
                	at jdk.nashorn.internal.runtime.ECMAErrors.referenceError(ECMAErrors.java:319)
                	at jdk.nashorn.internal.runtime.ECMAErrors.referenceError(ECMAErrors.java:291)
                	at jdk.nashorn.internal.objects.Global.__noSuchProperty__(Global.java:1441)
                	at jdk.nashorn.internal.scripts.Script$25$\^eval\_.:program(&lt;eval&gt;:1)
                	at jdk.nashorn.internal.runtime.ScriptFunctionData.invoke(ScriptFunctionData.java:637)
                	at jdk.nashorn.internal.runtime.ScriptFunction.invoke(ScriptFunction.java:494)
                	at jdk.nashorn.internal.runtime.ScriptRuntime.apply(ScriptRuntime.java:393)
                	at jdk.nashorn.api.scripting.NashornScriptEngine.evalImpl(NashornScriptEngine.java:449)
                	... 41 more
</error>
        </testcase>
    </testsuite>
</testsuites>
