<?xml version="1.0" encoding="UTF-8"?>
<testsuite name="net.sf.latexdraw.models.impl.TestIGroup" time="0.45" tests="97" errors="0" skipped="0" failures="0">
  <properties>
    <property name="java.runtime.name" value="OpenJDK Runtime Environment"/>
    <property name="sun.boot.library.path" value="/usr/lib/jvm/java-8-openjdk-amd64/jre/lib/amd64"/>
    <property name="java.vm.version" value="25.162-b12"/>
    <property name="java.vm.vendor" value="Oracle Corporation"/>
    <property name="maven.multiModuleProjectDirectory" value="/home/leigh/Workspace/Graphwalker/latexdraw-master/latexdraw-core/net.sf.latexdraw"/>
    <property name="java.vendor.url" value="http://java.oracle.com/"/>
    <property name="path.separator" value=":"/>
    <property name="guice.disable.misplaced.annotation.check" value="true"/>
    <property name="java.vm.name" value="OpenJDK 64-Bit Server VM"/>
    <property name="file.encoding.pkg" value="sun.io"/>
    <property name="user.country" value="US"/>
    <property name="sun.java.launcher" value="SUN_STANDARD"/>
    <property name="sun.os.patch.level" value="unknown"/>
    <property name="java.vm.specification.name" value="Java Virtual Machine Specification"/>
    <property name="user.dir" value="/home/leigh/Workspace/Graphwalker/latexdraw-master/latexdraw-core/net.sf.latexdraw"/>
    <property name="java.runtime.version" value="1.8.0_162-8u162-b12-0ubuntu0.16.04.2-b12"/>
    <property name="java.awt.graphicsenv" value="sun.awt.X11GraphicsEnvironment"/>
    <property name="java.endorsed.dirs" value="/usr/lib/jvm/java-8-openjdk-amd64/jre/lib/endorsed"/>
    <property name="os.arch" value="amd64"/>
    <property name="java.io.tmpdir" value="/tmp"/>
    <property name="line.separator" value="&#10;"/>
    <property name="java.vm.specification.vendor" value="Oracle Corporation"/>
    <property name="os.name" value="Linux"/>
    <property name="classworlds.conf" value="/usr/share/maven/bin/m2.conf"/>
    <property name="sun.jnu.encoding" value="UTF-8"/>
    <property name="java.library.path" value="/usr/java/packages/lib/amd64:/usr/lib/x86_64-linux-gnu/jni:/lib/x86_64-linux-gnu:/usr/lib/x86_64-linux-gnu:/usr/lib/jni:/lib:/usr/lib"/>
    <property name="java.specification.name" value="Java Platform API Specification"/>
    <property name="java.class.version" value="52.0"/>
    <property name="sun.management.compiler" value="HotSpot 64-Bit Tiered Compilers"/>
    <property name="os.version" value="4.4.0-119-generic"/>
    <property name="user.home" value="/home/leigh"/>
    <property name="user.timezone" value="Europe/Stockholm"/>
    <property name="java.awt.printerjob" value="sun.print.PSPrinterJob"/>
    <property name="file.encoding" value="UTF-8"/>
    <property name="java.specification.version" value="1.8"/>
    <property name="user.name" value="leigh"/>
    <property name="java.class.path" value="/usr/share/maven/boot/plexus-classworlds-2.x.jar"/>
    <property name="java.vm.specification.version" value="1.8"/>
    <property name="sun.arch.data.model" value="64"/>
    <property name="java.home" value="/usr/lib/jvm/java-8-openjdk-amd64/jre"/>
    <property name="sun.java.command" value="org.codehaus.plexus.classworlds.launcher.Launcher test"/>
    <property name="java.specification.vendor" value="Oracle Corporation"/>
    <property name="user.language" value="en"/>
    <property name="awt.toolkit" value="sun.awt.X11.XToolkit"/>
    <property name="java.vm.info" value="mixed mode"/>
    <property name="java.version" value="1.8.0_162"/>
    <property name="java.ext.dirs" value="/usr/lib/jvm/java-8-openjdk-amd64/jre/lib/ext:/usr/java/packages/lib/ext"/>
    <property name="securerandom.source" value="file:/dev/./urandom"/>
    <property name="sun.boot.class.path" value="/usr/lib/jvm/java-8-openjdk-amd64/jre/lib/resources.jar:/usr/lib/jvm/java-8-openjdk-amd64/jre/lib/rt.jar:/usr/lib/jvm/java-8-openjdk-amd64/jre/lib/sunrsasign.jar:/usr/lib/jvm/java-8-openjdk-amd64/jre/lib/jsse.jar:/usr/lib/jvm/java-8-openjdk-amd64/jre/lib/jce.jar:/usr/lib/jvm/java-8-openjdk-amd64/jre/lib/charsets.jar:/usr/lib/jvm/java-8-openjdk-amd64/jre/lib/jfr.jar:/usr/lib/jvm/java-8-openjdk-amd64/jre/classes"/>
    <property name="java.vendor" value="Oracle Corporation"/>
    <property name="maven.home" value="/usr/share/maven"/>
    <property name="file.separator" value="/"/>
    <property name="java.vendor.url.bug" value="http://bugreport.sun.com/bugreport/"/>
    <property name="sun.cpu.endian" value="little"/>
    <property name="sun.io.unicode.encoding" value="UnicodeLittle"/>
    <property name="sun.desktop" value="gnome"/>
    <property name="sun.cpu.isalist" value=""/>
  </properties>
  <testcase name="testGetAxesDistLabelsXNoAxes" classname="net.sf.latexdraw.models.impl.TestIGroup" time="0.003"/>
  <testcase name="testSetAxesticksSize" classname="net.sf.latexdraw.models.impl.TestIGroup" time="0.003"/>
  <testcase name="testGetFullBottomRightPointKO" classname="net.sf.latexdraw.models.impl.TestIGroup" time="0.029"/>
  <testcase name="testSetHasHatchings" classname="net.sf.latexdraw.models.impl.TestIGroup" time="0.001"/>
  <testcase name="testGetTopLeftPointKO" classname="net.sf.latexdraw.models.impl.TestIGroup" time="0.002"/>
  <testcase name="testGetAxesDistLabelsXOk" classname="net.sf.latexdraw.models.impl.TestIGroup" time="0.001"/>
  <testcase name="testGetAxesDistLabelsYOk" classname="net.sf.latexdraw.models.impl.TestIGroup" time="0.001"/>
  <testcase name="testGetAxesIncrementOk" classname="net.sf.latexdraw.models.impl.TestIGroup" time="0.001"/>
  <testcase name="testSetDotStyle" classname="net.sf.latexdraw.models.impl.TestIGroup" time="0.003"/>
  <testcase name="testGetSetRotationAngle" classname="net.sf.latexdraw.models.impl.TestIGroup" time="0.001"/>
  <testcase name="testGetSetHatchingsAngle" classname="net.sf.latexdraw.models.impl.TestIGroup" time="0.004"/>
  <testcase name="testGetSetHatchingsWidth" classname="net.sf.latexdraw.models.impl.TestIGroup" time="0.003"/>
  <testcase name="testGetAxesIncrementYNoAxes" classname="net.sf.latexdraw.models.impl.TestIGroup" time="0.001"/>
  <testcase name="testDuplicateArrow" classname="net.sf.latexdraw.models.impl.TestIGroup" time="0.006"/>
  <testcase name="testSetGetDotSep" classname="net.sf.latexdraw.models.impl.TestIGroup" time="0.003"/>
  <testcase name="testSetAxesIncrement" classname="net.sf.latexdraw.models.impl.TestIGroup" time="0.003"/>
  <testcase name="testGetAxesDistLabelsOk" classname="net.sf.latexdraw.models.impl.TestIGroup" time="0.002"/>
  <testcase name="testSetShowOrigin" classname="net.sf.latexdraw.models.impl.TestIGroup" time="0.002"/>
  <testcase name="testGetAxesDistLabelsYNoAxes" classname="net.sf.latexdraw.models.impl.TestIGroup" time="0.001"/>
  <testcase name="testHasSetDbleBord" classname="net.sf.latexdraw.models.impl.TestIGroup" time="0.002"/>
  <testcase name="testGetSetBorderPosition" classname="net.sf.latexdraw.models.impl.TestIGroup" time="0.002"/>
  <testcase name="testGetAxesTicksStyleOk" classname="net.sf.latexdraw.models.impl.TestIGroup" time="0.002"/>
  <testcase name="testGetNbPoints" classname="net.sf.latexdraw.models.impl.TestIGroup" time="0"/>
  <testcase name="testSetHasHatchingsKO" classname="net.sf.latexdraw.models.impl.TestIGroup" time="0.002"/>
  <testcase name="testSetGetDashSepBlack" classname="net.sf.latexdraw.models.impl.TestIGroup" time="0.002"/>
  <testcase name="testGetAxesDistLabelsNoAxes" classname="net.sf.latexdraw.models.impl.TestIGroup" time="0"/>
  <testcase name="testSetGetDashSepWhite" classname="net.sf.latexdraw.models.impl.TestIGroup" time="0.003"/>
  <testcase name="testGetGravityCentreKO" classname="net.sf.latexdraw.models.impl.TestIGroup" time="0"/>
  <testcase name="testGetSetGradColEndKO" classname="net.sf.latexdraw.models.impl.TestIGroup" time="0.001"/>
  <testcase name="testGetSetGradColStart" classname="net.sf.latexdraw.models.impl.TestIGroup" time="0.002"/>
  <testcase name="testGetBottomLeftPoint" classname="net.sf.latexdraw.models.impl.TestIGroup" time="0.002"/>
  <testcase name="testSetHasGradient" classname="net.sf.latexdraw.models.impl.TestIGroup" time="0.001"/>
  <testcase name="testGetSetGradColStartKO" classname="net.sf.latexdraw.models.impl.TestIGroup" time="0.001"/>
  <testcase name="testSetGetLineColour" classname="net.sf.latexdraw.models.impl.TestIGroup" time="0.001"/>
  <testcase name="testGetBottomRightPoint" classname="net.sf.latexdraw.models.impl.TestIGroup" time="0.001"/>
  <testcase name="testSetGetFillingStyle" classname="net.sf.latexdraw.models.impl.TestIGroup" time="0.002"/>
  <testcase name="testSetAxesdistLabels" classname="net.sf.latexdraw.models.impl.TestIGroup" time="0.002"/>
  <testcase name="testGetPtAt" classname="net.sf.latexdraw.models.impl.TestIGroup" time="0"/>
  <testcase name="testGetTopRightPointKO" classname="net.sf.latexdraw.models.impl.TestIGroup" time="0.001"/>
  <testcase name="testIsSetShowPts" classname="net.sf.latexdraw.models.impl.TestIGroup" time="0.003"/>
  <testcase name="testGetFullTopLeftPoint" classname="net.sf.latexdraw.models.impl.TestIGroup" time="0.027"/>
  <testcase name="testGetDotStyleNoDot" classname="net.sf.latexdraw.models.impl.TestIGroup" time="0.001"/>
  <testcase name="testGetAxesTicksSizeNoAxes" classname="net.sf.latexdraw.models.impl.TestIGroup" time="0.002"/>
  <testcase name="testSetGetLineColourWithDot" classname="net.sf.latexdraw.models.impl.TestIGroup" time="0.001"/>
  <testcase name="testGetAxesIncrementXOk" classname="net.sf.latexdraw.models.impl.TestIGroup" time="0.001"/>
  <testcase name="testGetAxesIncrementYOk" classname="net.sf.latexdraw.models.impl.TestIGroup" time="0.001"/>
  <testcase name="testSetAxesDistLabelsX" classname="net.sf.latexdraw.models.impl.TestIGroup" time="0.003"/>
  <testcase name="testSetAxesDistLabelsY" classname="net.sf.latexdraw.models.impl.TestIGroup" time="0.005"/>
  <testcase name="testSetAxesticksDisplayed" classname="net.sf.latexdraw.models.impl.TestIGroup" time="0.003"/>
  <testcase name="testSetGetFillingCol" classname="net.sf.latexdraw.models.impl.TestIGroup" time="0.004"/>
  <testcase name="testGetAxesLabelsDisplayNoAxes" classname="net.sf.latexdraw.models.impl.TestIGroup" time="0.001"/>
  <testcase name="testCannotAddShapeWhichIsEmptyGroup" classname="net.sf.latexdraw.models.impl.TestIGroup" time="0.001"/>
  <testcase name="testSetAxesticksStyle" classname="net.sf.latexdraw.models.impl.TestIGroup" time="0.002"/>
  <testcase name="testGetAxesAxesStyleNoAxes" classname="net.sf.latexdraw.models.impl.TestIGroup" time="0.001"/>
  <testcase name="testGetDotStyleOK" classname="net.sf.latexdraw.models.impl.TestIGroup" time="0"/>
  <testcase name="testGetAxesTicksSizeOk" classname="net.sf.latexdraw.models.impl.TestIGroup" time="0.001"/>
  <testcase name="testHasSetShadow" classname="net.sf.latexdraw.models.impl.TestIGroup" time="0.002"/>
  <testcase name="testSetAxesStyle" classname="net.sf.latexdraw.models.impl.TestIGroup" time="0.002"/>
  <testcase name="testSetGetLineStyle" classname="net.sf.latexdraw.models.impl.TestIGroup" time="0.003"/>
  <testcase name="testGetTopLeftPoint" classname="net.sf.latexdraw.models.impl.TestIGroup" time="0.001"/>
  <testcase name="testSetAxesLabelsDisplay" classname="net.sf.latexdraw.models.impl.TestIGroup" time="0.002"/>
  <testcase name="testGetBottomRightPointKO" classname="net.sf.latexdraw.models.impl.TestIGroup" time="0.001"/>
  <testcase name="testIsSetFilled" classname="net.sf.latexdraw.models.impl.TestIGroup" time="0.002"/>
  <testcase name="testGetAxesTicksDisplayOk" classname="net.sf.latexdraw.models.impl.TestIGroup" time="0.001"/>
  <testcase name="testGetTopRightPoint" classname="net.sf.latexdraw.models.impl.TestIGroup" time="0"/>
  <testcase name="testGetSetShadowCol" classname="net.sf.latexdraw.models.impl.TestIGroup" time="0.004"/>
  <testcase name="testGetAxesLabelsDisplayOk" classname="net.sf.latexdraw.models.impl.TestIGroup" time="0"/>
  <testcase name="testGetGravityCentre" classname="net.sf.latexdraw.models.impl.TestIGroup" time="0.002"/>
  <testcase name="testGetAxesShowOriginOk" classname="net.sf.latexdraw.models.impl.TestIGroup" time="0.001"/>
  <testcase name="testGetFullTopLeftPointKO" classname="net.sf.latexdraw.models.impl.TestIGroup" time="0.003"/>
  <testcase name="testSetAxesIncrementX" classname="net.sf.latexdraw.models.impl.TestIGroup" time="0"/>
  <testcase name="testSetAxesIncrementY" classname="net.sf.latexdraw.models.impl.TestIGroup" time="0.003"/>
  <testcase name="testGetAxesTicksStyleNoAxes" classname="net.sf.latexdraw.models.impl.TestIGroup" time="0.001"/>
  <testcase name="testSetHasGradientKO" classname="net.sf.latexdraw.models.impl.TestIGroup" time="0"/>
  <testcase name="testGetAxesIncrementNoAxes" classname="net.sf.latexdraw.models.impl.TestIGroup" time="0"/>
  <testcase name="testGetSetHatchingsCol" classname="net.sf.latexdraw.models.impl.TestIGroup" time="0.003"/>
  <testcase name="testGetSetHatchingsSep" classname="net.sf.latexdraw.models.impl.TestIGroup" time="0.003"/>
  <testcase name="testSetGetThickness" classname="net.sf.latexdraw.models.impl.TestIGroup" time="0.003"/>
  <testcase name="testGetFullBottomRightPoint" classname="net.sf.latexdraw.models.impl.TestIGroup" time="0.001"/>
  <testcase name="testGetSetGradAngle" classname="net.sf.latexdraw.models.impl.TestIGroup" time="0.003"/>
  <testcase name="testGetSetGradMidPt" classname="net.sf.latexdraw.models.impl.TestIGroup" time="0.003"/>
  <testcase name="testGetSetShadowSize" classname="net.sf.latexdraw.models.impl.TestIGroup" time="0.003"/>
  <testcase name="testGetAxesAxesStyleOk" classname="net.sf.latexdraw.models.impl.TestIGroup" time="0"/>
  <testcase name="testHasHatchingsWithUnstylableShape" classname="net.sf.latexdraw.models.impl.TestIGroup" time="0.001"/>
  <testcase name="testGetSetGradColEnd" classname="net.sf.latexdraw.models.impl.TestIGroup" time="0.001"/>
  <testcase name="testGetAxesTicksDisplayNoAxes" classname="net.sf.latexdraw.models.impl.TestIGroup" time="0.001"/>
  <testcase name="testGetBottomLeftPointKO" classname="net.sf.latexdraw.models.impl.TestIGroup" time="0"/>
  <testcase name="testDuplicate" classname="net.sf.latexdraw.models.impl.TestIGroup" time="0"/>
  <testcase name="testGetAxesIncrementXNoAxes" classname="net.sf.latexdraw.models.impl.TestIGroup" time="0.001"/>
  <testcase name="testGetSetDbleBordCol" classname="net.sf.latexdraw.models.impl.TestIGroup" time="0.003"/>
  <testcase name="testGetSetDbleBordSep" classname="net.sf.latexdraw.models.impl.TestIGroup" time="0.003"/>
  <testcase name="testGetSetShadowAngle" classname="net.sf.latexdraw.models.impl.TestIGroup" time="0.004"/>
  <testcase name="testIsTypeOfKO" classname="net.sf.latexdraw.models.impl.TestIGroup" time="0"/>
  <testcase name="testIsTypeOfOK" classname="net.sf.latexdraw.models.impl.TestIGroup" time="0"/>
  <testcase name="testGetAxesShowOriginNoAxes" classname="net.sf.latexdraw.models.impl.TestIGroup" time="0"/>
  <testcase name="testIsTypeOf" classname="net.sf.latexdraw.models.impl.TestIGroup" time="0.052"/>
  <testcase name="testAddToRotationAngle" classname="net.sf.latexdraw.models.impl.TestIGroup" time="0.183"/>
</testsuite>