<?xml version="1.0" encoding="UTF-8"?>
<testsuite name="net.sf.latexdraw.models.impl.TestIArrow" time="0.194" tests="55" errors="0" skipped="0" failures="0">
  <properties>
    <property name="java.runtime.name" value="OpenJDK Runtime Environment"/>
    <property name="sun.boot.library.path" value="/usr/lib/jvm/java-8-openjdk-amd64/jre/lib/amd64"/>
    <property name="java.vm.version" value="25.162-b12"/>
    <property name="java.vm.vendor" value="Oracle Corporation"/>
    <property name="maven.multiModuleProjectDirectory" value="/home/leigh/Workspace/Graphwalker/latexdraw-master/latexdraw-core/net.sf.latexdraw"/>
    <property name="java.vendor.url" value="http://java.oracle.com/"/>
    <property name="path.separator" value=":"/>
    <property name="guice.disable.misplaced.annotation.check" value="true"/>
    <property name="java.vm.name" value="OpenJDK 64-Bit Server VM"/>
    <property name="file.encoding.pkg" value="sun.io"/>
    <property name="user.country" value="US"/>
    <property name="sun.java.launcher" value="SUN_STANDARD"/>
    <property name="sun.os.patch.level" value="unknown"/>
    <property name="java.vm.specification.name" value="Java Virtual Machine Specification"/>
    <property name="user.dir" value="/home/leigh/Workspace/Graphwalker/latexdraw-master/latexdraw-core/net.sf.latexdraw"/>
    <property name="java.runtime.version" value="1.8.0_162-8u162-b12-0ubuntu0.16.04.2-b12"/>
    <property name="java.awt.graphicsenv" value="sun.awt.X11GraphicsEnvironment"/>
    <property name="java.endorsed.dirs" value="/usr/lib/jvm/java-8-openjdk-amd64/jre/lib/endorsed"/>
    <property name="os.arch" value="amd64"/>
    <property name="java.io.tmpdir" value="/tmp"/>
    <property name="line.separator" value="&#10;"/>
    <property name="java.vm.specification.vendor" value="Oracle Corporation"/>
    <property name="os.name" value="Linux"/>
    <property name="classworlds.conf" value="/usr/share/maven/bin/m2.conf"/>
    <property name="sun.jnu.encoding" value="UTF-8"/>
    <property name="java.library.path" value="/usr/java/packages/lib/amd64:/usr/lib/x86_64-linux-gnu/jni:/lib/x86_64-linux-gnu:/usr/lib/x86_64-linux-gnu:/usr/lib/jni:/lib:/usr/lib"/>
    <property name="java.specification.name" value="Java Platform API Specification"/>
    <property name="java.class.version" value="52.0"/>
    <property name="sun.management.compiler" value="HotSpot 64-Bit Tiered Compilers"/>
    <property name="os.version" value="4.4.0-119-generic"/>
    <property name="user.home" value="/home/leigh"/>
    <property name="user.timezone" value="Europe/Stockholm"/>
    <property name="java.awt.printerjob" value="sun.print.PSPrinterJob"/>
    <property name="file.encoding" value="UTF-8"/>
    <property name="java.specification.version" value="1.8"/>
    <property name="user.name" value="leigh"/>
    <property name="java.class.path" value="/usr/share/maven/boot/plexus-classworlds-2.x.jar"/>
    <property name="java.vm.specification.version" value="1.8"/>
    <property name="sun.arch.data.model" value="64"/>
    <property name="java.home" value="/usr/lib/jvm/java-8-openjdk-amd64/jre"/>
    <property name="sun.java.command" value="org.codehaus.plexus.classworlds.launcher.Launcher test"/>
    <property name="java.specification.vendor" value="Oracle Corporation"/>
    <property name="user.language" value="en"/>
    <property name="awt.toolkit" value="sun.awt.X11.XToolkit"/>
    <property name="java.vm.info" value="mixed mode"/>
    <property name="java.version" value="1.8.0_162"/>
    <property name="java.ext.dirs" value="/usr/lib/jvm/java-8-openjdk-amd64/jre/lib/ext:/usr/java/packages/lib/ext"/>
    <property name="securerandom.source" value="file:/dev/./urandom"/>
    <property name="sun.boot.class.path" value="/usr/lib/jvm/java-8-openjdk-amd64/jre/lib/resources.jar:/usr/lib/jvm/java-8-openjdk-amd64/jre/lib/rt.jar:/usr/lib/jvm/java-8-openjdk-amd64/jre/lib/sunrsasign.jar:/usr/lib/jvm/java-8-openjdk-amd64/jre/lib/jsse.jar:/usr/lib/jvm/java-8-openjdk-amd64/jre/lib/jce.jar:/usr/lib/jvm/java-8-openjdk-amd64/jre/lib/charsets.jar:/usr/lib/jvm/java-8-openjdk-amd64/jre/lib/jfr.jar:/usr/lib/jvm/java-8-openjdk-amd64/jre/classes"/>
    <property name="java.vendor" value="Oracle Corporation"/>
    <property name="maven.home" value="/usr/share/maven"/>
    <property name="file.separator" value="/"/>
    <property name="java.vendor.url.bug" value="http://bugreport.sun.com/bugreport/"/>
    <property name="sun.cpu.endian" value="little"/>
    <property name="sun.io.unicode.encoding" value="UnicodeLittle"/>
    <property name="sun.desktop" value="gnome"/>
    <property name="sun.cpu.isalist" value=""/>
  </properties>
  <testcase name="testCopyArrow" classname="net.sf.latexdraw.models.impl.TestIArrow" time="0.036"/>
  <testcase name="testGetArrowShapeLengthNone" classname="net.sf.latexdraw.models.impl.TestIArrow" time="0"/>
  <testcase name="testGetSetArrowInsetKO" classname="net.sf.latexdraw.models.impl.TestIArrow" time="0.001"/>
  <testcase name="testGetSetArrowSizeDim" classname="net.sf.latexdraw.models.impl.TestIArrow" time="0"/>
  <testcase name="testGetSetArrowSizeNum" classname="net.sf.latexdraw.models.impl.TestIArrow" time="0"/>
  <testcase name="testConstructor2CopyOK" classname="net.sf.latexdraw.models.impl.TestIArrow" time="0.001"/>
  <testcase name="testGetArrowShapeLengthLeftArrow" classname="net.sf.latexdraw.models.impl.TestIArrow" time="0.009"/>
  <testcase name="testGetSetArrowSizeDimKO" classname="net.sf.latexdraw.models.impl.TestIArrow" time="0"/>
  <testcase name="testGetSetArrowSizeNumKO" classname="net.sf.latexdraw.models.impl.TestIArrow" time="0.001"/>
  <testcase name="testGetArrowShapeLengthRoundIn" classname="net.sf.latexdraw.models.impl.TestIArrow" time="0.001"/>
  <testcase name="testGetSetArrowStyleKO" classname="net.sf.latexdraw.models.impl.TestIArrow" time="0"/>
  <testcase name="testGetShape" classname="net.sf.latexdraw.models.impl.TestIArrow" time="0"/>
  <testcase name="testGetArrowShapeLengthRightArrow" classname="net.sf.latexdraw.models.impl.TestIArrow" time="0"/>
  <testcase name="testIsLeftArrowKO" classname="net.sf.latexdraw.models.impl.TestIArrow" time="0.006"/>
  <testcase name="testIsLeftArrowOK" classname="net.sf.latexdraw.models.impl.TestIArrow" time="0.001"/>
  <testcase name="testConstructor1NULL" classname="net.sf.latexdraw.models.impl.TestIArrow" time="0.001"/>
  <testcase name="testConstructor2NULLArrow" classname="net.sf.latexdraw.models.impl.TestIArrow" time="0.001"/>
  <testcase name="testGetArrowShapeLengthRightSquareBracket" classname="net.sf.latexdraw.models.impl.TestIArrow" time="0.001"/>
  <testcase name="testSetOnChangedNULL" classname="net.sf.latexdraw.models.impl.TestIArrow" time="0"/>
  <testcase name="testIsInvertedOKOnRight" classname="net.sf.latexdraw.models.impl.TestIArrow" time="0"/>
  <testcase name="testGetLineThickness" classname="net.sf.latexdraw.models.impl.TestIArrow" time="0.001"/>
  <testcase name="testGetSetrBracketNumKO" classname="net.sf.latexdraw.models.impl.TestIArrow" time="0.001"/>
  <testcase name="testHasStyleKO" classname="net.sf.latexdraw.models.impl.TestIArrow" time="0.001"/>
  <testcase name="testHasStyleOK" classname="net.sf.latexdraw.models.impl.TestIArrow" time="0"/>
  <testcase name="testIsInvertedOKOnLeft" classname="net.sf.latexdraw.models.impl.TestIArrow" time="0"/>
  <testcase name="testGetSetDotSizeDimKO" classname="net.sf.latexdraw.models.impl.TestIArrow" time="0"/>
  <testcase name="testGetSetDotSizeNumKO" classname="net.sf.latexdraw.models.impl.TestIArrow" time="0.001"/>
  <testcase name="testGetArrowShapeLengthDiskIn" classname="net.sf.latexdraw.models.impl.TestIArrow" time="0.001"/>
  <testcase name="testGetSetArrowLengthKO" classname="net.sf.latexdraw.models.impl.TestIArrow" time="0"/>
  <testcase name="testGetArrowLine" classname="net.sf.latexdraw.models.impl.TestIArrow" time="0.002"/>
  <testcase name="testGetArrowShapedWidth" classname="net.sf.latexdraw.models.impl.TestIArrow" time="0.001"/>
  <testcase name="testConstructor2NULLArrowable" classname="net.sf.latexdraw.models.impl.TestIArrow" time="0.001"/>
  <testcase name="testCopyNULL" classname="net.sf.latexdraw.models.impl.TestIArrow" time="0"/>
  <testcase name="testSetOnChanged" classname="net.sf.latexdraw.models.impl.TestIArrow" time="0.118"/>
  <testcase name="testIsInvertedKOOnLeft" classname="net.sf.latexdraw.models.impl.TestIArrow" time="0.001"/>
  <testcase name="testGetArrowShapeLengthDbleLeftArrow" classname="net.sf.latexdraw.models.impl.TestIArrow" time="0.001"/>
  <testcase name="testIsInvertedKOOnRight" classname="net.sf.latexdraw.models.impl.TestIArrow" time="0.001"/>
  <testcase name="testGetRoundShapedArrowRadius" classname="net.sf.latexdraw.models.impl.TestIArrow" time="0"/>
  <testcase name="testGetSetArrowInset" classname="net.sf.latexdraw.models.impl.TestIArrow" time="0"/>
  <testcase name="testGetSetArrowStyle" classname="net.sf.latexdraw.models.impl.TestIArrow" time="0"/>
  <testcase name="testGetArrowShapeLengthCircleIn" classname="net.sf.latexdraw.models.impl.TestIArrow" time="0.001"/>
  <testcase name="testGetSettBarSizeDim" classname="net.sf.latexdraw.models.impl.TestIArrow" time="0"/>
  <testcase name="testGetSettBarSizeNum" classname="net.sf.latexdraw.models.impl.TestIArrow" time="0"/>
  <testcase name="testGetSettBarSizeDimKO" classname="net.sf.latexdraw.models.impl.TestIArrow" time="0"/>
  <testcase name="testGetSettBarSizeNumKO" classname="net.sf.latexdraw.models.impl.TestIArrow" time="0"/>
  <testcase name="testGetSetArrowLength" classname="net.sf.latexdraw.models.impl.TestIArrow" time="0.001"/>
  <testcase name="testGetSetbracketNum" classname="net.sf.latexdraw.models.impl.TestIArrow" time="0.001"/>
  <testcase name="testGetArrowShapeLengthLeftSquareBracket" classname="net.sf.latexdraw.models.impl.TestIArrow" time="0.001"/>
  <testcase name="testGetSetDotSizeDim" classname="net.sf.latexdraw.models.impl.TestIArrow" time="0.001"/>
  <testcase name="testGetSetDotSizeNum" classname="net.sf.latexdraw.models.impl.TestIArrow" time="0"/>
  <testcase name="testGetSetbracketNumKO" classname="net.sf.latexdraw.models.impl.TestIArrow" time="0"/>
  <testcase name="testGetBarShapedArrowWidth" classname="net.sf.latexdraw.models.impl.TestIArrow" time="0"/>
  <testcase name="testGetSetrBracketNum" classname="net.sf.latexdraw.models.impl.TestIArrow" time="0"/>
  <testcase name="testGetBracketShapedArrowLength" classname="net.sf.latexdraw.models.impl.TestIArrow" time="0"/>
  <testcase name="testGetArrowShapeLengthDbleRightArrow" classname="net.sf.latexdraw.models.impl.TestIArrow" time="0"/>
</testsuite>