<?xml version="1.0" encoding="UTF-8"?>
<testsuite name="net.sf.latexdraw.models.impl.TestILine" time="0.388" tests="61" errors="0" skipped="0" failures="0">
  <properties>
    <property name="java.runtime.name" value="OpenJDK Runtime Environment"/>
    <property name="sun.boot.library.path" value="/usr/lib/jvm/java-8-openjdk-amd64/jre/lib/amd64"/>
    <property name="java.vm.version" value="25.162-b12"/>
    <property name="java.vm.vendor" value="Oracle Corporation"/>
    <property name="maven.multiModuleProjectDirectory" value="/home/leigh/Workspace/Graphwalker/latexdraw-master/latexdraw-core/net.sf.latexdraw"/>
    <property name="java.vendor.url" value="http://java.oracle.com/"/>
    <property name="path.separator" value=":"/>
    <property name="guice.disable.misplaced.annotation.check" value="true"/>
    <property name="java.vm.name" value="OpenJDK 64-Bit Server VM"/>
    <property name="file.encoding.pkg" value="sun.io"/>
    <property name="user.country" value="US"/>
    <property name="sun.java.launcher" value="SUN_STANDARD"/>
    <property name="sun.os.patch.level" value="unknown"/>
    <property name="java.vm.specification.name" value="Java Virtual Machine Specification"/>
    <property name="user.dir" value="/home/leigh/Workspace/Graphwalker/latexdraw-master/latexdraw-core/net.sf.latexdraw"/>
    <property name="java.runtime.version" value="1.8.0_162-8u162-b12-0ubuntu0.16.04.2-b12"/>
    <property name="java.awt.graphicsenv" value="sun.awt.X11GraphicsEnvironment"/>
    <property name="java.endorsed.dirs" value="/usr/lib/jvm/java-8-openjdk-amd64/jre/lib/endorsed"/>
    <property name="os.arch" value="amd64"/>
    <property name="java.io.tmpdir" value="/tmp"/>
    <property name="line.separator" value="&#10;"/>
    <property name="java.vm.specification.vendor" value="Oracle Corporation"/>
    <property name="os.name" value="Linux"/>
    <property name="classworlds.conf" value="/usr/share/maven/bin/m2.conf"/>
    <property name="sun.jnu.encoding" value="UTF-8"/>
    <property name="java.library.path" value="/usr/java/packages/lib/amd64:/usr/lib/x86_64-linux-gnu/jni:/lib/x86_64-linux-gnu:/usr/lib/x86_64-linux-gnu:/usr/lib/jni:/lib:/usr/lib"/>
    <property name="java.specification.name" value="Java Platform API Specification"/>
    <property name="java.class.version" value="52.0"/>
    <property name="sun.management.compiler" value="HotSpot 64-Bit Tiered Compilers"/>
    <property name="os.version" value="4.4.0-119-generic"/>
    <property name="user.home" value="/home/leigh"/>
    <property name="user.timezone" value="Europe/Stockholm"/>
    <property name="java.awt.printerjob" value="sun.print.PSPrinterJob"/>
    <property name="file.encoding" value="UTF-8"/>
    <property name="java.specification.version" value="1.8"/>
    <property name="user.name" value="leigh"/>
    <property name="java.class.path" value="/usr/share/maven/boot/plexus-classworlds-2.x.jar"/>
    <property name="java.vm.specification.version" value="1.8"/>
    <property name="sun.arch.data.model" value="64"/>
    <property name="java.home" value="/usr/lib/jvm/java-8-openjdk-amd64/jre"/>
    <property name="sun.java.command" value="org.codehaus.plexus.classworlds.launcher.Launcher test"/>
    <property name="java.specification.vendor" value="Oracle Corporation"/>
    <property name="user.language" value="en"/>
    <property name="awt.toolkit" value="sun.awt.X11.XToolkit"/>
    <property name="java.vm.info" value="mixed mode"/>
    <property name="java.version" value="1.8.0_162"/>
    <property name="java.ext.dirs" value="/usr/lib/jvm/java-8-openjdk-amd64/jre/lib/ext:/usr/java/packages/lib/ext"/>
    <property name="securerandom.source" value="file:/dev/./urandom"/>
    <property name="sun.boot.class.path" value="/usr/lib/jvm/java-8-openjdk-amd64/jre/lib/resources.jar:/usr/lib/jvm/java-8-openjdk-amd64/jre/lib/rt.jar:/usr/lib/jvm/java-8-openjdk-amd64/jre/lib/sunrsasign.jar:/usr/lib/jvm/java-8-openjdk-amd64/jre/lib/jsse.jar:/usr/lib/jvm/java-8-openjdk-amd64/jre/lib/jce.jar:/usr/lib/jvm/java-8-openjdk-amd64/jre/lib/charsets.jar:/usr/lib/jvm/java-8-openjdk-amd64/jre/lib/jfr.jar:/usr/lib/jvm/java-8-openjdk-amd64/jre/classes"/>
    <property name="java.vendor" value="Oracle Corporation"/>
    <property name="maven.home" value="/usr/share/maven"/>
    <property name="file.separator" value="/"/>
    <property name="java.vendor.url.bug" value="http://bugreport.sun.com/bugreport/"/>
    <property name="sun.cpu.endian" value="little"/>
    <property name="sun.io.unicode.encoding" value="UnicodeLittle"/>
    <property name="sun.desktop" value="gnome"/>
    <property name="sun.cpu.isalist" value=""/>
  </properties>
  <testcase name="testConstructors2OK" classname="net.sf.latexdraw.models.impl.TestILine" time="0.045"/>
  <testcase name="testConstructors3OK" classname="net.sf.latexdraw.models.impl.TestILine" time="0"/>
  <testcase name="testGetIntersectionSegmentHoriz" classname="net.sf.latexdraw.models.impl.TestILine" time="0.001"/>
  <testcase name="testSetP2IPoint" classname="net.sf.latexdraw.models.impl.TestILine" time="0"/>
  <testcase name="testGetIntersectionSegment" classname="net.sf.latexdraw.models.impl.TestILine" time="0"/>
  <testcase name="testUpdateAandB" classname="net.sf.latexdraw.models.impl.TestILine" time="0"/>
  <testcase name="testGetA" classname="net.sf.latexdraw.models.impl.TestILine" time="0.001"/>
  <testcase name="testGetB" classname="net.sf.latexdraw.models.impl.TestILine" time="0"/>
  <testcase name="testFindPointsNULL" classname="net.sf.latexdraw.models.impl.TestILine" time="0"/>
  <testcase name="testGetIntersectionSegmentVertKO" classname="net.sf.latexdraw.models.impl.TestILine" time="0"/>
  <testcase name="testUpdateAandBKO" classname="net.sf.latexdraw.models.impl.TestILine" time="0.001"/>
  <testcase name="testFindPoints" classname="net.sf.latexdraw.models.impl.TestILine" time="0"/>
  <testcase name="testIsHorizontalLineKO" classname="net.sf.latexdraw.models.impl.TestILine" time="0"/>
  <testcase name="testIsHorizontalLineOK" classname="net.sf.latexdraw.models.impl.TestILine" time="0"/>
  <testcase name="testGetIntersectionSegmentNULL" classname="net.sf.latexdraw.models.impl.TestILine" time="0"/>
  <testcase name="testGetIntersectionSegmentVert" classname="net.sf.latexdraw.models.impl.TestILine" time="0.001"/>
  <testcase name="testGetBottomRightPoint" classname="net.sf.latexdraw.models.impl.TestILine" time="0"/>
  <testcase name="testGetANaN" classname="net.sf.latexdraw.models.impl.TestILine" time="0.001"/>
  <testcase name="testGetBNaN" classname="net.sf.latexdraw.models.impl.TestILine" time="0"/>
  <testcase name="testSetP1IPointNULL" classname="net.sf.latexdraw.models.impl.TestILine" time="0"/>
  <testcase name="testGetPerpendicularLineDiagNULL" classname="net.sf.latexdraw.models.impl.TestILine" time="0"/>
  <testcase name="testGetTopLeftPoint" classname="net.sf.latexdraw.models.impl.TestILine" time="0.001"/>
  <testcase name="testGetIntersectionHoriz" classname="net.sf.latexdraw.models.impl.TestILine" time="0"/>
  <testcase name="testGetPerpendicularLineHoriz" classname="net.sf.latexdraw.models.impl.TestILine" time="0"/>
  <testcase name="testIsVerticalLineKO" classname="net.sf.latexdraw.models.impl.TestILine" time="0"/>
  <testcase name="testIsVerticalLineOK" classname="net.sf.latexdraw.models.impl.TestILine" time="0.001"/>
  <testcase name="testGetPoint1" classname="net.sf.latexdraw.models.impl.TestILine" time="0"/>
  <testcase name="testGetPoint2" classname="net.sf.latexdraw.models.impl.TestILine" time="0"/>
  <testcase name="testGetIntersectionSegmentKO" classname="net.sf.latexdraw.models.impl.TestILine" time="0"/>
  <testcase name="testGetIntersectionSegmentHorizKO" classname="net.sf.latexdraw.models.impl.TestILine" time="0.001"/>
  <testcase name="testGetIntersection" classname="net.sf.latexdraw.models.impl.TestILine" time="0"/>
  <testcase name="testGetIntersectionKO" classname="net.sf.latexdraw.models.impl.TestILine" time="0"/>
  <testcase name="testSetP1IPoint" classname="net.sf.latexdraw.models.impl.TestILine" time="0"/>
  <testcase name="testGetIntersectionNULL" classname="net.sf.latexdraw.models.impl.TestILine" time="0.001"/>
  <testcase name="testGetIntersectionVert" classname="net.sf.latexdraw.models.impl.TestILine" time="0"/>
  <testcase name="testGetPerpendicularLineDiag" classname="net.sf.latexdraw.models.impl.TestILine" time="0"/>
  <testcase name="testGetPerpendicularLineVert" classname="net.sf.latexdraw.models.impl.TestILine" time="0"/>
  <testcase name="testSetP2IPointNULL" classname="net.sf.latexdraw.models.impl.TestILine" time="0.001"/>
  <testcase name="testSetLineKO1" classname="net.sf.latexdraw.models.impl.TestILine" time="0"/>
  <testcase name="testSetLineKO2" classname="net.sf.latexdraw.models.impl.TestILine" time="0.001"/>
  <testcase name="testSetLineKO3" classname="net.sf.latexdraw.models.impl.TestILine" time="0"/>
  <testcase name="testSetLineKO4" classname="net.sf.latexdraw.models.impl.TestILine" time="0.001"/>
  <testcase name="testGetPerpendicularLineDiagKO" classname="net.sf.latexdraw.models.impl.TestILine" time="0.002"/>
  <testcase name="testGetSetX1" classname="net.sf.latexdraw.models.impl.TestILine" time="0.001"/>
  <testcase name="testGetSetX2" classname="net.sf.latexdraw.models.impl.TestILine" time="0.001"/>
  <testcase name="testGetSetY1" classname="net.sf.latexdraw.models.impl.TestILine" time="0.002"/>
  <testcase name="testGetSetY2" classname="net.sf.latexdraw.models.impl.TestILine" time="0.001"/>
  <testcase name="testLineAngleHoriz1" classname="net.sf.latexdraw.models.impl.TestILine" time="0.008"/>
  <testcase name="testLineAngleHoriz2" classname="net.sf.latexdraw.models.impl.TestILine" time="0.006"/>
  <testcase name="testConstructors2KO1" classname="net.sf.latexdraw.models.impl.TestILine" time="0.001"/>
  <testcase name="testConstructors2KO2" classname="net.sf.latexdraw.models.impl.TestILine" time="0.001"/>
  <testcase name="testConstructors3KO1" classname="net.sf.latexdraw.models.impl.TestILine" time="0.002"/>
  <testcase name="testConstructors3KO2" classname="net.sf.latexdraw.models.impl.TestILine" time="0.002"/>
  <testcase name="testSetP1IPointKO" classname="net.sf.latexdraw.models.impl.TestILine" time="0.001"/>
  <testcase name="testFindPointsKO1" classname="net.sf.latexdraw.models.impl.TestILine" time="0.001"/>
  <testcase name="testFindPointsKO2" classname="net.sf.latexdraw.models.impl.TestILine" time="0"/>
  <testcase name="testFindPointsKO3" classname="net.sf.latexdraw.models.impl.TestILine" time="0.001"/>
  <testcase name="testFindPointsKO4" classname="net.sf.latexdraw.models.impl.TestILine" time="0.001"/>
  <testcase name="testLineAngleVert" classname="net.sf.latexdraw.models.impl.TestILine" time="0.009"/>
  <testcase name="testSetP2IPointKO" classname="net.sf.latexdraw.models.impl.TestILine" time="0.002"/>
  <testcase name="testSetLine" classname="net.sf.latexdraw.models.impl.TestILine" time="0.289"/>
</testsuite>