<?xml version="1.0" encoding="UTF-8"?>
<testsuite name="net.sf.latexdraw.instruments.TestEditingSelector" time="8.568" tests="8" errors="0" skipped="0" failures="4">
  <properties>
    <property name="java.runtime.name" value="OpenJDK Runtime Environment"/>
    <property name="sun.boot.library.path" value="/usr/lib/jvm/java-8-openjdk-amd64/jre/lib/amd64"/>
    <property name="java.vm.version" value="25.162-b12"/>
    <property name="java.vm.vendor" value="Oracle Corporation"/>
    <property name="maven.multiModuleProjectDirectory" value="/home/leigh/Workspace/Graphwalker/latexdraw-master/latexdraw-core/net.sf.latexdraw"/>
    <property name="java.vendor.url" value="http://java.oracle.com/"/>
    <property name="path.separator" value=":"/>
    <property name="guice.disable.misplaced.annotation.check" value="true"/>
    <property name="java.vm.name" value="OpenJDK 64-Bit Server VM"/>
    <property name="file.encoding.pkg" value="sun.io"/>
    <property name="user.country" value="US"/>
    <property name="sun.java.launcher" value="SUN_STANDARD"/>
    <property name="sun.os.patch.level" value="unknown"/>
    <property name="java.vm.specification.name" value="Java Virtual Machine Specification"/>
    <property name="user.dir" value="/home/leigh/Workspace/Graphwalker/latexdraw-master/latexdraw-core/net.sf.latexdraw"/>
    <property name="java.runtime.version" value="1.8.0_162-8u162-b12-0ubuntu0.16.04.2-b12"/>
    <property name="java.awt.graphicsenv" value="sun.awt.X11GraphicsEnvironment"/>
    <property name="java.endorsed.dirs" value="/usr/lib/jvm/java-8-openjdk-amd64/jre/lib/endorsed"/>
    <property name="os.arch" value="amd64"/>
    <property name="java.io.tmpdir" value="/tmp"/>
    <property name="line.separator" value="&#10;"/>
    <property name="java.vm.specification.vendor" value="Oracle Corporation"/>
    <property name="os.name" value="Linux"/>
    <property name="classworlds.conf" value="/usr/share/maven/bin/m2.conf"/>
    <property name="sun.jnu.encoding" value="UTF-8"/>
    <property name="java.library.path" value="/usr/java/packages/lib/amd64:/usr/lib/x86_64-linux-gnu/jni:/lib/x86_64-linux-gnu:/usr/lib/x86_64-linux-gnu:/usr/lib/jni:/lib:/usr/lib"/>
    <property name="java.specification.name" value="Java Platform API Specification"/>
    <property name="java.class.version" value="52.0"/>
    <property name="sun.management.compiler" value="HotSpot 64-Bit Tiered Compilers"/>
    <property name="os.version" value="4.4.0-119-generic"/>
    <property name="user.home" value="/home/leigh"/>
    <property name="user.timezone" value="Europe/Stockholm"/>
    <property name="java.awt.printerjob" value="sun.print.PSPrinterJob"/>
    <property name="file.encoding" value="UTF-8"/>
    <property name="java.specification.version" value="1.8"/>
    <property name="user.name" value="leigh"/>
    <property name="java.class.path" value="/usr/share/maven/boot/plexus-classworlds-2.x.jar"/>
    <property name="java.vm.specification.version" value="1.8"/>
    <property name="sun.arch.data.model" value="64"/>
    <property name="java.home" value="/usr/lib/jvm/java-8-openjdk-amd64/jre"/>
    <property name="sun.java.command" value="org.codehaus.plexus.classworlds.launcher.Launcher test"/>
    <property name="java.specification.vendor" value="Oracle Corporation"/>
    <property name="user.language" value="en"/>
    <property name="awt.toolkit" value="sun.awt.X11.XToolkit"/>
    <property name="java.vm.info" value="mixed mode"/>
    <property name="java.version" value="1.8.0_162"/>
    <property name="java.ext.dirs" value="/usr/lib/jvm/java-8-openjdk-amd64/jre/lib/ext:/usr/java/packages/lib/ext"/>
    <property name="securerandom.source" value="file:/dev/./urandom"/>
    <property name="sun.boot.class.path" value="/usr/lib/jvm/java-8-openjdk-amd64/jre/lib/resources.jar:/usr/lib/jvm/java-8-openjdk-amd64/jre/lib/rt.jar:/usr/lib/jvm/java-8-openjdk-amd64/jre/lib/sunrsasign.jar:/usr/lib/jvm/java-8-openjdk-amd64/jre/lib/jsse.jar:/usr/lib/jvm/java-8-openjdk-amd64/jre/lib/jce.jar:/usr/lib/jvm/java-8-openjdk-amd64/jre/lib/charsets.jar:/usr/lib/jvm/java-8-openjdk-amd64/jre/lib/jfr.jar:/usr/lib/jvm/java-8-openjdk-amd64/jre/classes"/>
    <property name="java.vendor" value="Oracle Corporation"/>
    <property name="maven.home" value="/usr/share/maven"/>
    <property name="file.separator" value="/"/>
    <property name="java.vendor.url.bug" value="http://bugreport.sun.com/bugreport/"/>
    <property name="sun.cpu.endian" value="little"/>
    <property name="sun.io.unicode.encoding" value="UnicodeLittle"/>
    <property name="sun.desktop" value="gnome"/>
    <property name="sun.cpu.isalist" value=""/>
  </properties>
  <testcase name="testClickTextNoTextCauseNoText" classname="net.sf.latexdraw.instruments.TestEditingSelector" time="4.346"/>
  <testcase name="testClickTextNoTextCauseNotActivated" classname="net.sf.latexdraw.instruments.TestEditingSelector" time="0.527"/>
  <testcase name="testClickHandActivationNoSelection" classname="net.sf.latexdraw.instruments.TestEditingSelector" time="0.537">
    <failure message="&#10;Argument(s) are different! Wanted:&#10;pencil.setActivated(false, false);&#10;-&gt; at org.malai.javafx.instrument.JfxInstrument.setActivated(JfxInstrument.java:63)&#10;Actual invocation has different arguments:&#10;pencil.setActivated(false);&#10;-&gt; at net.sf.latexdraw.instruments.EditingSelector.initialize(EditingSelector.java:149)&#10;" type="org.mockito.exceptions.verification.junit.ArgumentsAreDifferent">org.mockito.exceptions.verification.junit.ArgumentsAreDifferent: 
Argument(s) are different! Wanted:
pencil.setActivated(false, false);
-> at org.malai.javafx.instrument.JfxInstrument.setActivated(JfxInstrument.java:63)
Actual invocation has different arguments:
pencil.setActivated(false);
-> at net.sf.latexdraw.instruments.EditingSelector.initialize(EditingSelector.java:149)

	at org.malai.javafx.instrument.JfxInstrument.setActivated(JfxInstrument.java:63)
	at net.sf.latexdraw.instruments.TestEditingSelector.testClickHandActivationNoSelection(TestEditingSelector.java:159)
</failure>
  </testcase>
  <testcase name="testClickCodeInsert" classname="net.sf.latexdraw.instruments.TestEditingSelector" time="0.81"/>
  <testcase name="testClickTextCreatesText" classname="net.sf.latexdraw.instruments.TestEditingSelector" time="0.746">
    <failure message="expected:&lt;1&gt; but was:&lt;0&gt;" type="java.lang.AssertionError"><![CDATA[java.lang.AssertionError: expected:<1> but was:<0>
	at org.junit.Assert.fail(Assert.java:88)
	at org.junit.Assert.failNotEquals(Assert.java:834)
	at org.junit.Assert.assertEquals(Assert.java:645)
	at org.junit.Assert.assertEquals(Assert.java:631)
	at net.sf.latexdraw.instruments.TestEditingSelector.testClickTextCreatesText(TestEditingSelector.java:150)
]]></failure>
  </testcase>
  <testcase name="testClickHandActivationSelection" classname="net.sf.latexdraw.instruments.TestEditingSelector" time="0.519">
    <failure message="&#10;Wanted but not invoked:&#10;shapeDeleter.setActivated(true);&#10;-&gt; at net.sf.latexdraw.instruments.ShapeDeleter.setActivated(ShapeDeleter.java:58)&#10;Actually, there were zero interactions with this mock.&#10;" type="org.mockito.exceptions.verification.WantedButNotInvoked">org.mockito.exceptions.verification.WantedButNotInvoked: 
Wanted but not invoked:
shapeDeleter.setActivated(true);
-> at net.sf.latexdraw.instruments.ShapeDeleter.setActivated(ShapeDeleter.java:58)
Actually, there were zero interactions with this mock.

	at net.sf.latexdraw.instruments.ShapeDeleter.setActivated(ShapeDeleter.java:58)
	at net.sf.latexdraw.instruments.TestEditingSelector.testClickHandActivationSelection(TestEditingSelector.java:169)
</failure>
  </testcase>
  <testcase name="testLaunchNoCrash" classname="net.sf.latexdraw.instruments.TestEditingSelector" time="0.285"/>
  <testcase name="testClickShapeMode" classname="net.sf.latexdraw.instruments.TestEditingSelector" time="0.798">
    <failure message="testClickShapeMode(&quot;RECT&quot; &lt;from RECT&gt;)" type="org.junit.experimental.theories.internal.ParameterizedAssertionError"><![CDATA[org.junit.experimental.theories.internal.ParameterizedAssertionError: testClickShapeMode("RECT" <from RECT>)
	at net.sf.latexdraw.instruments.Pencil.setCurrentChoice(Pencil.java:414)
	at net.sf.latexdraw.instruments.TestEditingSelector.testClickShapeMode(TestEditingSelector.java:108)
]]></failure>
  </testcase>
</testsuite>